TN:
SF:script/CantoNameService.s.sol
FN:10,CNSScript.run
FNDA:0,CNSScript.run
DA:11,0
DA:12,0
DA:13,0
DA:15,0
DA:16,0
DA:18,0
DA:20,0
DA:22,0
DA:23,0
DA:24,0
DA:26,0
DA:28,0
DA:29,0
DA:30,0
DA:31,0
DA:32,0
DA:33,0
DA:35,0
DA:36,0
DA:37,0
DA:38,0
DA:39,0
DA:40,0
DA:42,0
DA:43,0
DA:46,0
DA:48,0
FNF:1
FNH:0
LF:27
LH:0
BRF:0
BRH:0
end_of_record
TN:
SF:src/CantoNameService.sol
FN:104,CantoNameService.registerName
FNDA:832,CantoNameService.registerName
DA:105,832
BRDA:105,0,0,-
BRDA:105,0,1,832
DA:106,832
BRDA:106,1,0,-
BRDA:106,1,1,832
DA:108,832
DA:110,832
DA:111,832
BRDA:111,2,0,2
BRDA:111,2,1,830
DA:113,830
BRDA:113,3,0,-
BRDA:113,3,1,830
DA:115,830
DA:117,830
FN:124,CantoNameService.registerNameOnAllowlist
FNDA:7,CantoNameService.registerNameOnAllowlist
DA:125,7
BRDA:125,4,0,-
BRDA:125,4,1,7
DA:126,7
BRDA:126,5,0,-
BRDA:126,5,1,7
DA:128,7
DA:130,7
DA:131,6
BRDA:131,6,0,2
BRDA:131,6,1,4
DA:133,4
BRDA:133,7,0,-
BRDA:133,7,1,2
DA:135,2
DA:137,2
DA:139,2
FN:150,CantoNameService.renewName
FNDA:9,CantoNameService.renewName
DA:151,9
BRDA:151,8,0,1
BRDA:151,8,1,8
DA:153,8
DA:154,8
DA:156,8
BRDA:156,9,0,1
BRDA:156,9,1,7
DA:158,7
DA:160,7
BRDA:160,10,0,-
BRDA:160,10,1,7
DA:162,7
DA:164,7
BRDA:164,11,0,2
BRDA:164,11,1,7
DA:165,2
DA:168,7
DA:170,7
DA:172,7
FN:182,CantoNameService.clearPrimaryName
FNDA:1,CantoNameService.clearPrimaryName
DA:183,1
FN:191,CantoNameService.getPrimary
FNDA:15,CantoNameService.getPrimary
DA:192,15
DA:194,15
BRDA:194,12,0,5
BRDA:194,12,1,10
DA:195,10
BRDA:195,13,0,1
BRDA:195,13,1,9
DA:197,9
FN:205,CantoNameService.setPrimaryName
FNDA:12,CantoNameService.setPrimaryName
DA:206,12
BRDA:206,14,0,1
BRDA:206,14,1,10
DA:208,10
DA:209,10
DA:211,10
FN:221,CantoNameService.setBaseURI
FNDA:3,CantoNameService.setBaseURI
DA:222,2
FN:228,CantoNameService.setContractURI
FNDA:1,CantoNameService.setContractURI
DA:229,1
FN:235,CantoNameService.setExpiredURI
FNDA:1,CantoNameService.setExpiredURI
DA:236,1
FN:243,CantoNameService.setRoyaltyInfo
FNDA:1,CantoNameService.setRoyaltyInfo
DA:244,1
FN:250,CantoNameService.setSignerAddress
FNDA:1,CantoNameService.setSignerAddress
DA:251,1
FN:257,CantoNameService.setStatus
FNDA:1,CantoNameService.setStatus
DA:258,1
FN:271,CantoNameService.isAddressRightsHolder
FNDA:10,CantoNameService.isAddressRightsHolder
DA:272,22
BRDA:272,15,0,-
BRDA:272,15,1,22
DA:274,22
BRDA:274,16,0,1
BRDA:274,16,1,21
DA:275,1
DA:278,21
DA:280,21
BRDA:280,17,0,1
BRDA:280,17,1,4
DA:281,5
DA:283,5
BRDA:283,18,0,1
BRDA:283,18,1,4
DA:285,4
DA:288,20
FN:295,CantoNameService.isNameAvailable
FNDA:2,CantoNameService.isNameAvailable
DA:296,834
FN:302,CantoNameService.isNameExpired
FNDA:2,CantoNameService.isNameExpired
DA:303,44
FN:312,CantoNameService.nameRightsHolders
FNDA:1,CantoNameService.nameRightsHolders
DA:313,1
BRDA:313,19,0,-
BRDA:313,19,1,1
DA:315,1
BRDA:315,20,0,-
BRDA:315,20,1,-
DA:316,0
DA:317,1
BRDA:317,21,0,-
BRDA:317,21,1,-
DA:318,0
DA:319,0
DA:320,0
DA:323,1
DA:325,1
DA:327,1
BRDA:327,22,0,-
BRDA:327,22,1,2
DA:328,1
DA:330,1
DA:331,2
DA:334,1
DA:336,0
DA:337,0
DA:338,0
FN:347,CantoNameService.nameToId
FNDA:546,CantoNameService.nameToId
DA:348,1378
DA:349,1378
FN:356,CantoNameService.ownerOf
FNDA:524,CantoNameService.ownerOf
DA:357,1384
BRDA:357,23,0,1
BRDA:357,23,1,1383
DA:358,1383
FN:365,CantoNameService.priceName
FNDA:537,CantoNameService.priceName
DA:366,537
DA:367,537
FN:375,CantoNameService.priceNameLength
FNDA:0,CantoNameService.priceNameLength
DA:376,1384
BRDA:376,24,0,1
BRDA:376,24,1,1383
DA:377,1383
BRDA:377,25,0,415
BRDA:377,25,1,968
DA:378,415
DA:380,968
FN:387,CantoNameService.tokenURI
FNDA:3,CantoNameService.tokenURI
DA:388,3
BRDA:388,26,0,1
BRDA:388,26,1,2
DA:390,2
DA:392,2
BRDA:392,27,0,-
BRDA:392,27,1,-
DA:393,1
DA:396,2
FN:406,CantoNameService._clearPrimary
FNDA:10,CantoNameService._clearPrimary
DA:407,10
DA:409,10
DA:410,10
DA:412,10
FN:419,CantoNameService._getVRGDAPrice
FNDA:1383,CantoNameService._getVRGDAPrice
DA:420,1383
DA:422,1383
DA:424,1383
DA:431,1383
FN:437,CantoNameService._incrementCounts
FNDA:832,CantoNameService._incrementCounts
DA:438,832
BRDA:438,28,0,484
BRDA:438,28,1,348
DA:439,484
DA:441,348
FN:451,CantoNameService._registerName
FNDA:832,CantoNameService._registerName
DA:452,832
DA:453,832
BRDA:453,29,0,-
BRDA:453,29,1,832
DA:455,832
BRDA:455,30,0,1
BRDA:455,30,1,832
DA:456,1
DA:459,832
DA:461,832
DA:463,832
DA:464,832
DA:466,832
DA:468,832
FN:475,CantoNameService._stringLength
FNDA:1384,CantoNameService._stringLength
DA:478,1384
BRDA:478,31,0,6004
DA:489,0
FN:496,CantoNameService._verifySignature
FNDA:834,CantoNameService._verifySignature
DA:497,834
DA:498,834
DA:499,834
FN:512,CantoNameService.setupSingleVRGDA
FNDA:261,CantoNameService.setupSingleVRGDA
DA:516,260
BRDA:516,32,0,1
BRDA:516,32,1,259
DA:517,259
DA:519,259
DA:520,259
DA:521,259
DA:522,259
DA:523,259
DA:525,259
FN:535,CantoNameService.setupVRGDAs
FNDA:4,CantoNameService.setupVRGDAs
DA:542,4
BRDA:541,33,0,1
BRDA:541,33,1,3
DA:544,1
DA:546,3
DA:547,13
BRDA:547,34,0,1
BRDA:547,34,1,12
DA:549,12
DA:550,12
DA:551,12
DA:552,12
DA:553,12
DA:555,12
DA:558,12
FN:573,CantoNameService._beforeTokenTransfer
FNDA:843,CantoNameService._beforeTokenTransfer
DA:577,843
FN:583,CantoNameService._afterTokenTransfer
FNDA:9,CantoNameService._afterTokenTransfer
DA:584,9
FN:592,CantoNameService.safeTransferFrom
FNDA:4,CantoNameService.safeTransferFrom
DA:593,4
DA:594,3
FN:602,CantoNameService.transferFrom
FNDA:8,CantoNameService.transferFrom
DA:603,8
DA:604,6
FN:614,CantoNameService.royaltyInfo
FNDA:1,CantoNameService.royaltyInfo
DA:615,1
DA:616,1
FN:625,CantoNameService.withdraw
FNDA:4,CantoNameService.withdraw
DA:626,3
DA:627,3
BRDA:627,35,0,1
BRDA:627,35,1,2
DA:629,2
DA:630,2
BRDA:630,36,0,1
BRDA:630,36,1,1
FN:692,CantoNameService.
FNDA:0,CantoNameService.
FN:694,CantoNameService.supportsInterface
FNDA:1,CantoNameService.supportsInterface
DA:701,1
FNF:37
FNH:35
LF:145
LH:137
BRF:73
BRH:56
end_of_record
TN:
SF:src/DelegationRegistry.sol
FN:52,DelegationRegistry.supportsInterface
FNDA:0,DelegationRegistry.supportsInterface
DA:53,0
FN:63,DelegationRegistry.delegateForAll
FNDA:0,DelegationRegistry.delegateForAll
DA:64,0
DA:65,0
DA:68,0
FN:74,DelegationRegistry.delegateForContract
FNDA:0,DelegationRegistry.delegateForContract
DA:75,0
DA:76,0
DA:79,0
FN:85,DelegationRegistry.delegateForToken
FNDA:8,DelegationRegistry.delegateForToken
DA:86,8
DA:87,8
DA:90,8
FN:96,DelegationRegistry._setDelegationValues
FNDA:8,DelegationRegistry._setDelegationValues
DA:105,8
BRDA:105,0,0,-
BRDA:105,0,1,8
DA:106,8
DA:107,8
DA:108,8
DA:111,0
DA:112,0
DA:113,0
FN:120,DelegationRegistry._computeAllDelegationHash
FNDA:0,DelegationRegistry._computeAllDelegationHash
DA:121,0
DA:122,0
DA:123,0
FN:129,DelegationRegistry._computeContractDelegationHash
FNDA:0,DelegationRegistry._computeContractDelegationHash
DA:134,0
DA:135,0
DA:136,0
FN:142,DelegationRegistry._computeTokenDelegationHash
FNDA:10,DelegationRegistry._computeTokenDelegationHash
DA:147,10
DA:148,10
DA:149,10
FN:155,DelegationRegistry.revokeAllDelegates
FNDA:0,DelegationRegistry.revokeAllDelegates
DA:156,0
DA:157,0
FN:163,DelegationRegistry.revokeDelegate
FNDA:0,DelegationRegistry.revokeDelegate
DA:164,0
FN:170,DelegationRegistry.revokeSelf
FNDA:0,DelegationRegistry.revokeSelf
DA:171,0
FN:177,DelegationRegistry._revokeDelegate
FNDA:0,DelegationRegistry._revokeDelegate
DA:178,0
DA:180,0
FN:190,DelegationRegistry.getDelegationsByDelegate
FNDA:0,DelegationRegistry.getDelegationsByDelegate
DA:195,0
DA:196,0
DA:197,0
DA:198,0
DA:199,0
DA:200,0
DA:201,0
DA:202,0
DA:203,0
DA:204,0
DA:205,0
BRDA:205,1,0,-
BRDA:205,1,1,-
DA:206,0
BRDA:206,2,0,-
BRDA:206,2,1,-
DA:207,0
DA:209,0
BRDA:209,3,0,-
BRDA:209,3,1,-
DA:210,0
BRDA:210,4,0,-
BRDA:210,4,1,-
DA:211,0
DA:213,0
BRDA:213,5,0,-
BRDA:213,5,1,-
DA:215,0
BRDA:214,6,0,-
BRDA:214,6,1,-
DA:218,0
DA:221,0
BRDA:221,7,0,-
BRDA:221,7,1,-
DA:222,0
DA:225,0
DA:228,0
BRDA:228,8,0,-
BRDA:228,8,1,-
FN:239,DelegationRegistry.getDelegatesForAll
FNDA:0,DelegationRegistry.getDelegatesForAll
DA:240,0
FN:246,DelegationRegistry.getDelegatesForContract
FNDA:0,DelegationRegistry.getDelegatesForContract
DA:252,0
FN:258,DelegationRegistry.getDelegatesForToken
FNDA:1,DelegationRegistry.getDelegatesForToken
DA:264,1
FN:267,DelegationRegistry._getDelegatesForLevel
FNDA:1,DelegationRegistry._getDelegatesForLevel
DA:273,1
DA:274,1
DA:275,1
DA:276,1
DA:277,1
DA:278,2
DA:279,2
DA:280,2
BRDA:280,9,0,-
BRDA:280,9,1,2
DA:281,2
BRDA:281,10,0,-
BRDA:281,10,1,-
DA:283,0
BRDA:283,11,0,-
BRDA:283,11,1,-
DA:284,0
DA:286,2
BRDA:286,12,0,-
BRDA:286,12,1,-
DA:287,0
BRDA:287,13,0,-
BRDA:287,13,1,-
DA:290,0
BRDA:289,14,0,-
BRDA:289,14,1,-
DA:292,0
DA:295,2
BRDA:295,15,0,-
BRDA:295,15,1,2
DA:296,2
BRDA:296,16,0,-
BRDA:296,16,1,2
DA:299,2
BRDA:298,17,0,-
BRDA:298,17,1,2
DA:302,2
DA:308,2
DA:311,1
BRDA:311,18,0,-
BRDA:311,18,1,1
FN:322,DelegationRegistry.getContractLevelDelegations
FNDA:0,DelegationRegistry.getContractLevelDelegations
DA:327,0
DA:328,0
DA:329,0
DA:330,0
DA:331,0
DA:332,0
DA:333,0
DA:334,0
BRDA:334,19,0,-
BRDA:334,19,1,-
DA:337,0
BRDA:336,20,0,-
BRDA:336,20,1,-
DA:340,0
DA:347,0
DA:350,0
BRDA:350,21,0,-
BRDA:350,21,1,-
FN:361,DelegationRegistry.getTokenLevelDelegations
FNDA:0,DelegationRegistry.getTokenLevelDelegations
DA:366,0
DA:367,0
DA:368,0
DA:369,0
DA:370,0
DA:371,0
DA:372,0
DA:373,0
BRDA:373,22,0,-
BRDA:373,22,1,-
DA:376,0
BRDA:375,23,0,-
BRDA:375,23,1,-
DA:381,0
DA:389,0
DA:392,0
BRDA:392,24,0,-
BRDA:392,24,1,-
FN:403,DelegationRegistry.checkDelegateForAll
FNDA:0,DelegationRegistry.checkDelegateForAll
DA:404,1
DA:405,1
DA:406,1
FN:412,DelegationRegistry.checkDelegateForContract
FNDA:0,DelegationRegistry.checkDelegateForContract
DA:418,1
DA:419,1
DA:420,1
FN:427,DelegationRegistry.checkDelegateForToken
FNDA:6,DelegationRegistry.checkDelegateForToken
DA:433,6
DA:436,6
FNF:22
FNH:6
LF:111
LH:35
BRF:50
BRH:6
end_of_record
TN:
SF:src/Turnstile.sol
FN:61,Turnstile.currentCounterId
FNDA:0,Turnstile.currentCounterId
DA:62,0
FN:68,Turnstile.getTokenId
FNDA:0,Turnstile.getTokenId
DA:69,0
BRDA:69,0,0,-
BRDA:69,0,1,-
DA:71,0
FN:77,Turnstile.isRegistered
FNDA:0,Turnstile.isRegistered
DA:78,0
FN:86,Turnstile.register
FNDA:0,Turnstile.register
DA:87,0
DA:89,0
BRDA:89,1,0,-
BRDA:89,1,1,-
DA:91,0
DA:92,0
DA:93,0
DA:95,0
DA:97,0
FN:104,Turnstile.assign
FNDA:0,Turnstile.assign
DA:105,0
DA:107,0
BRDA:107,2,0,-
BRDA:107,2,1,-
DA:109,0
DA:111,0
DA:113,0
FN:121,Turnstile.withdraw
FNDA:0,Turnstile.withdraw
DA:126,0
DA:128,0
BRDA:128,3,0,-
BRDA:128,3,1,-
DA:129,0
BRDA:129,4,0,-
BRDA:129,4,1,-
DA:131,0
DA:133,0
DA:135,0
DA:137,0
FN:142,Turnstile.distributeFees
FNDA:0,Turnstile.distributeFees
DA:143,0
BRDA:143,5,0,-
BRDA:143,5,1,-
DA:145,0
DA:146,0
FNF:7
FNH:0
LF:26
LH:0
BRF:12
BRH:0
end_of_record
TN:
SF:src/lib/LibLinearVRGDA.sol
FN:15,LibLinearVRGDA.getVRGDAPrice
FNDA:1641,LibLinearVRGDA.getVRGDAPrice
DA:24,1641
FN:46,LibLinearVRGDA.getTargetSaleTime
FNDA:256,LibLinearVRGDA.getTargetSaleTime
DA:47,1897
FN:53,LibLinearVRGDA.computeDecayConstant
FNDA:0,LibLinearVRGDA.computeDecayConstant
DA:54,1641
FNF:3
FNH:2
LF:3
LH:3
BRF:0
BRH:0
end_of_record
TN:
SF:src/lib/LibString.sol
FN:26,LibString.toString
FNDA:2,LibString.toString
DA:33,2
DA:57,2
FN:64,LibString.toString
FNDA:0,LibString.toString
DA:65,0
BRDA:65,0,0,-
BRDA:65,0,1,-
DA:66,0
DA:69,0
DA:77,0
FN:87,LibString.runeCount
FNDA:0,LibString.runeCount
DA:90,0
BRDA:90,1,0,-
FN:108,LibString.toCase
FNDA:1378,LibString.toCase
DA:112,1378
BRDA:112,2,0,1378
DA:113,1378
DA:114,1378
DA:124,1378
FN:138,LibString.lower
FNDA:1378,LibString.lower
DA:139,1378
FN:143,LibString.upper
FNDA:0,LibString.upper
DA:144,0
FN:148,LibString.eq
FNDA:0,LibString.eq
DA:150,0
FN:156,LibString.packOne
FNDA:0,LibString.packOne
DA:161,0
FNF:8
FNH:3
LF:15
LH:7
BRF:4
BRH:1
end_of_record
TN:
SF:test/CantoNameService.t.sol
FN:1525,ERC721Recipient.onERC721Received
FNDA:1,ERC721Recipient.onERC721Received
DA:1531,1
DA:1532,1
DA:1533,1
DA:1534,1
DA:1536,1
FNF:1
FNH:1
LF:5
LH:5
BRF:0
BRH:0
end_of_record
TN:
SF:test/mocks/MockLinearVRGDA.sol
FN:25,MockLinearVRGDA.setupSingleVRGDA
FNDA:258,MockLinearVRGDA.setupSingleVRGDA
DA:28,258
DA:29,258
DA:30,258
DA:31,258
DA:32,258
FN:35,MockLinearVRGDA.getTargetSaleTime
FNDA:1,MockLinearVRGDA.getTargetSaleTime
DA:36,1
FNF:2
FNH:2
LF:6
LH:6
BRF:0
BRH:0
end_of_record
